<?xml version="1.0" encoding="UTF-8"?>
<testng-results skipped="0" failed="0" ignored="0" total="1" passed="1">
  <reporter-output>
  </reporter-output>
  <suite name="Suite" duration-ms="13861" started-at="2020-07-14T18:54:37Z" finished-at="2020-07-14T18:54:50Z">
    <groups>
    </groups>
    <test name="Test" duration-ms="13861" started-at="2020-07-14T18:54:37Z" finished-at="2020-07-14T18:54:50Z">
      <class name="CIAutomation.MavenJenkinsGit.Search">
        <test-method status="PASS" signature="searchTest()[pri:0, instance:CIAutomation.MavenJenkinsGit.Search@1324409e]" name="searchTest" duration-ms="13832" started-at="2020-07-14T18:54:37Z" finished-at="2020-07-14T18:54:50Z">
          <reporter-output>
          </reporter-output>
        </test-method> <!-- searchTest -->
      </class> <!-- CIAutomation.MavenJenkinsGit.Search -->
    </test> <!-- Test -->
  </suite> <!-- Suite -->
</testng-results>
